# JRE version: OpenJDK Runtime Environment (11.0.5+10) (build 11.0.5+10)
# Java VM: OpenJDK 64-Bit Server VM (11.0.5+10, mixed mode, tiered, compressed oops, g1 gc, windows-amd64)
Heap:
 garbage-first heap   total 126976K, used 58574K [0x0000000085e00000, 0x0000000100000000)
  region size 1024K, 7 young (7168K), 6 survivors (6144K)
 Metaspace       used 86710K, capacity 88905K, committed 89216K, reserved 1126400K
  class space    used 12488K, capacity 13144K, committed 13184K, reserved 1048576K
GC Heap History (20 events):
Event: 42.532 GC heap before
{Heap before GC invocations=18 (full 0):
 garbage-first heap   total 126976K, used 69632K [0x0000000085e00000, 0x0000000100000000)
  region size 1024K, 26 young (26624K), 5 survivors (5120K)
 Metaspace       used 73771K, capacity 75142K, committed 75392K, reserved 1114112K
  class space    used 10254K, capacity 10842K, committed 10880K, reserved 1048576K
}
Event: 42.544 GC heap after
{Heap after GC invocations=19 (full 0):
 garbage-first heap   total 126976K, used 53248K [0x0000000085e00000, 0x0000000100000000)
  region size 1024K, 3 young (3072K), 3 survivors (3072K)
 Metaspace       used 73771K, capacity 75142K, committed 75392K, reserved 1114112K
  class space    used 10254K, capacity 10842K, committed 10880K, reserved 1048576K
}
Event: 42.694 GC heap before
{Heap before GC invocations=19 (full 0):
 garbage-first heap   total 126976K, used 56320K [0x0000000085e00000, 0x0000000100000000)
  region size 1024K, 6 young (6144K), 3 survivors (3072K)
 Metaspace       used 74441K, capacity 75846K, committed 76160K, reserved 1114112K
  class space    used 10423K, capacity 11034K, committed 11136K, reserved 1048576K
}
Event: 42.704 GC heap after
{Heap after GC invocations=20 (full 0):
 garbage-first heap   total 126976K, used 51778K [0x0000000085e00000, 0x0000000100000000)
  region size 1024K, 1 young (1024K), 1 survivors (1024K)
 Metaspace       used 74441K, capacity 75846K, committed 76160K, reserved 1114112K
  class space    used 10423K, capacity 11034K, committed 11136K, reserved 1048576K
}
Event: 44.224 GC heap before
{Heap before GC invocations=20 (full 0):
 garbage-first heap   total 126976K, used 83522K [0x0000000085e00000, 0x0000000100000000)
  region size 1024K, 32 young (32768K), 1 survivors (1024K)
 Metaspace       used 76883K, capacity 78290K, committed 78336K, reserved 1116160K
  class space    used 10882K, capacity 11486K, committed 11520K, reserved 1048576K
}
Event: 44.229 GC heap after
{Heap after GC invocations=21 (full 0):
 garbage-first heap   total 126976K, used 52127K [0x0000000085e00000, 0x0000000100000000)
  region size 1024K, 1 young (1024K), 1 survivors (1024K)
 Metaspace       used 76883K, capacity 78290K, committed 78336K, reserved 1116160K
  class space    used 10882K, capacity 11486K, committed 11520K, reserved 1048576K
}
Event: 46.052 GC heap before
{Heap before GC invocations=21 (full 0):
 garbage-first heap   total 126976K, used 86943K [0x0000000085e00000, 0x0000000100000000)
  region size 1024K, 35 young (35840K), 1 survivors (1024K)
 Metaspace       used 79361K, capacity 80945K, committed 81024K, reserved 1118208K
  class space    used 11249K, capacity 11891K, committed 11904K, reserved 1048576K
}
Event: 46.061 GC heap after
{Heap after GC invocations=22 (full 0):
 garbage-first heap   total 126976K, used 53407K [0x0000000085e00000, 0x0000000100000000)
  region size 1024K, 3 young (3072K), 3 survivors (3072K)
 Metaspace       used 79361K, capacity 80945K, committed 81024K, reserved 1118208K
  class space    used 11249K, capacity 11891K, committed 11904K, reserved 1048576K
}
Event: 47.810 GC heap before
{Heap before GC invocations=22 (full 0):
 garbage-first heap   total 126976K, used 89247K [0x0000000085e00000, 0x0000000100000000)
  region size 1024K, 38 young (38912K), 3 survivors (3072K)
 Metaspace       used 80477K, capacity 82096K, committed 82176K, reserved 1120256K
  class space    used 11590K, capacity 12227K, committed 12288K, reserved 1048576K
}
Event: 47.820 GC heap after
{Heap after GC invocations=23 (full 0):
 garbage-first heap   total 126976K, used 53871K [0x0000000085e00000, 0x0000000100000000)
  region size 1024K, 3 young (3072K), 3 survivors (3072K)
 Metaspace       used 80477K, capacity 82096K, committed 82176K, reserved 1120256K
  class space    used 11590K, capacity 12227K, committed 12288K, reserved 1048576K
}
Event: 49.553 GC heap before
{Heap before GC invocations=23 (full 0):
 garbage-first heap   total 126976K, used 91759K [0x0000000085e00000, 0x0000000100000000)
  region size 1024K, 40 young (40960K), 3 survivors (3072K)
 Metaspace       used 81148K, capacity 82941K, committed 83072K, reserved 1120256K
  class space    used 11661K, capacity 12308K, committed 12416K, reserved 1048576K
}
Event: 49.565 GC heap after
{Heap after GC invocations=24 (full 0):
 garbage-first heap   total 126976K, used 54613K [0x0000000085e00000, 0x0000000100000000)
  region size 1024K, 4 young (4096K), 4 survivors (4096K)
 Metaspace       used 81148K, capacity 82941K, committed 83072K, reserved 1120256K
  class space    used 11661K, capacity 12308K, committed 12416K, reserved 1048576K
}
Event: 52.538 GC heap before
{Heap before GC invocations=24 (full 0):
 garbage-first heap   total 126976K, used 93525K [0x0000000085e00000, 0x0000000100000000)
  region size 1024K, 42 young (43008K), 4 survivors (4096K)
 Metaspace       used 81349K, capacity 83349K, committed 83584K, reserved 1120256K
  class space    used 11668K, capacity 12316K, committed 12416K, reserved 1048576K
}
Event: 52.543 GC heap after
{Heap after GC invocations=25 (full 0):
 garbage-first heap   total 126976K, used 53785K [0x0000000085e00000, 0x0000000100000000)
  region size 1024K, 2 young (2048K), 2 survivors (2048K)
 Metaspace       used 81349K, capacity 83349K, committed 83584K, reserved 1120256K
  class space    used 11668K, capacity 12316K, committed 12416K, reserved 1048576K
}
Event: 56.113 GC heap before
{Heap before GC invocations=25 (full 0):
 garbage-first heap   total 126976K, used 95769K [0x0000000085e00000, 0x0000000100000000)
  region size 1024K, 43 young (44032K), 2 survivors (2048K)
 Metaspace       used 81966K, capacity 84103K, committed 84224K, reserved 1120256K
  class space    used 11795K, capacity 12454K, committed 12544K, reserved 1048576K
}
Event: 56.120 GC heap after
{Heap after GC invocations=26 (full 0):
 garbage-first heap   total 126976K, used 54095K [0x0000000085e00000, 0x0000000100000000)
  region size 1024K, 2 young (2048K), 2 survivors (2048K)
 Metaspace       used 81966K, capacity 84103K, committed 84224K, reserved 1120256K
  class space    used 11795K, capacity 12454K, committed 12544K, reserved 1048576K
}
Event: 58.124 GC heap before
{Heap before GC invocations=26 (full 0):
 garbage-first heap   total 126976K, used 97103K [0x0000000085e00000, 0x0000000100000000)
  region size 1024K, 44 young (45056K), 2 survivors (2048K)
 Metaspace       used 82378K, capacity 84623K, committed 84736K, reserved 1122304K
  class space    used 11852K, capacity 12494K, committed 12544K, reserved 1048576K
}
Event: 58.134 GC heap after
{Heap after GC invocations=27 (full 0):
 garbage-first heap   total 126976K, used 54722K [0x0000000085e00000, 0x0000000100000000)
  region size 1024K, 3 young (3072K), 3 survivors (3072K)
 Metaspace       used 82378K, capacity 84623K, committed 84736K, reserved 1122304K
  class space    used 11852K, capacity 12494K, committed 12544K, reserved 1048576K
}
Event: 63.611 GC heap before
{Heap before GC invocations=27 (full 0):
 garbage-first heap   total 126976K, used 97730K [0x0000000085e00000, 0x0000000100000000)
  region size 1024K, 46 young (47104K), 3 survivors (3072K)
 Metaspace       used 86673K, capacity 88905K, committed 89216K, reserved 1126400K
  class space    used 12485K, capacity 13144K, committed 13184K, reserved 1048576K
}
Event: 63.628 GC heap after
{Heap after GC invocations=28 (full 0):
 garbage-first heap   total 126976K, used 58574K [0x0000000085e00000, 0x0000000100000000)
  region size 1024K, 6 young (6144K), 6 survivors (6144K)
 Metaspace       used 86673K, capacity 88905K, committed 89216K, reserved 1126400K
  class space    used 12485K, capacity 13144K, committed 13184K, reserved 1048576K
}

