# JRE version: OpenJDK Runtime Environment (11.0.5+10) (build 11.0.5+10)
# Java VM: OpenJDK 64-Bit Server VM (11.0.5+10, mixed mode, tiered, compressed oops, g1 gc, windows-amd64)
Heap:
 garbage-first heap   total 152576K, used 78848K [0x0000000085e00000, 0x0000000100000000)
  region size 1024K, 49 young (50176K), 8 survivors (8192K)
 Metaspace       used 74192K, capacity 76712K, committed 76876K, reserved 1116160K
  class space    used 9703K, capacity 10504K, committed 10624K, reserved 1048576K
GC Heap History (20 events):
Event: 3.729 GC heap before
{Heap before GC invocations=3 (full 0):
 garbage-first heap   total 126976K, used 53626K [0x0000000085e00000, 0x0000000100000000)
  region size 1024K, 41 young (41984K), 3 survivors (3072K)
 Metaspace       used 12935K, capacity 13137K, committed 13312K, reserved 1060864K
  class space    used 1194K, capacity 1245K, committed 1280K, reserved 1048576K
}
Event: 3.736 GC heap after
{Heap after GC invocations=4 (full 0):
 garbage-first heap   total 126976K, used 15757K [0x0000000085e00000, 0x0000000100000000)
  region size 1024K, 4 young (4096K), 4 survivors (4096K)
 Metaspace       used 12935K, capacity 13137K, committed 13312K, reserved 1060864K
  class space    used 1194K, capacity 1245K, committed 1280K, reserved 1048576K
}
Event: 5.900 GC heap before
{Heap before GC invocations=4 (full 0):
 garbage-first heap   total 126976K, used 67981K [0x0000000085e00000, 0x0000000100000000)
  region size 1024K, 55 young (56320K), 4 survivors (4096K)
 Metaspace       used 17539K, capacity 17805K, committed 18048K, reserved 1064960K
  class space    used 1751K, capacity 1844K, committed 1920K, reserved 1048576K
}
Event: 5.913 GC heap after
{Heap after GC invocations=5 (full 0):
 garbage-first heap   total 126976K, used 17053K [0x0000000085e00000, 0x0000000100000000)
  region size 1024K, 3 young (3072K), 3 survivors (3072K)
 Metaspace       used 17539K, capacity 17805K, committed 18048K, reserved 1064960K
  class space    used 1751K, capacity 1844K, committed 1920K, reserved 1048576K
}
Event: 6.272 GC heap before
{Heap before GC invocations=5 (full 0):
 garbage-first heap   total 126976K, used 43677K [0x0000000085e00000, 0x0000000100000000)
  region size 1024K, 30 young (30720K), 3 survivors (3072K)
 Metaspace       used 20893K, capacity 21129K, committed 21248K, reserved 1069056K
  class space    used 2164K, capacity 2245K, committed 2304K, reserved 1048576K
}
Event: 6.282 GC heap after
{Heap after GC invocations=6 (full 0):
 garbage-first heap   total 126976K, used 18850K [0x0000000085e00000, 0x0000000100000000)
  region size 1024K, 5 young (5120K), 5 survivors (5120K)
 Metaspace       used 20893K, capacity 21129K, committed 21248K, reserved 1069056K
  class space    used 2164K, capacity 2245K, committed 2304K, reserved 1048576K
}
Event: 7.137 GC heap before
{Heap before GC invocations=7 (full 0):
 garbage-first heap   total 126976K, used 74146K [0x0000000085e00000, 0x0000000100000000)
  region size 1024K, 59 young (60416K), 5 survivors (5120K)
 Metaspace       used 25328K, capacity 25589K, committed 25728K, reserved 1071104K
  class space    used 3296K, capacity 3367K, committed 3456K, reserved 1048576K
}
Event: 7.146 GC heap after
{Heap after GC invocations=8 (full 0):
 garbage-first heap   total 126976K, used 21486K [0x0000000085e00000, 0x0000000100000000)
  region size 1024K, 7 young (7168K), 7 survivors (7168K)
 Metaspace       used 25328K, capacity 25589K, committed 25728K, reserved 1071104K
  class space    used 3296K, capacity 3367K, committed 3456K, reserved 1048576K
}
Event: 8.218 GC heap before
{Heap before GC invocations=8 (full 0):
 garbage-first heap   total 126976K, used 79854K [0x0000000085e00000, 0x0000000100000000)
  region size 1024K, 64 young (65536K), 7 survivors (7168K)
 Metaspace       used 29847K, capacity 30185K, committed 30464K, reserved 1075200K
  class space    used 4420K, capacity 4513K, committed 4608K, reserved 1048576K
}
Event: 8.230 GC heap after
{Heap after GC invocations=9 (full 0):
 garbage-first heap   total 126976K, used 23512K [0x0000000085e00000, 0x0000000100000000)
  region size 1024K, 5 young (5120K), 5 survivors (5120K)
 Metaspace       used 29847K, capacity 30185K, committed 30464K, reserved 1075200K
  class space    used 4420K, capacity 4513K, committed 4608K, reserved 1048576K
}
Event: 8.773 GC heap before
{Heap before GC invocations=9 (full 0):
 garbage-first heap   total 126976K, used 53208K [0x0000000085e00000, 0x0000000100000000)
  region size 1024K, 36 young (36864K), 5 survivors (5120K)
 Metaspace       used 35251K, capacity 35641K, committed 35840K, reserved 1079296K
  class space    used 5243K, capacity 5367K, committed 5376K, reserved 1048576K
}
Event: 8.782 GC heap after
{Heap after GC invocations=10 (full 0):
 garbage-first heap   total 126976K, used 25502K [0x0000000085e00000, 0x0000000100000000)
  region size 1024K, 7 young (7168K), 7 survivors (7168K)
 Metaspace       used 35251K, capacity 35641K, committed 35840K, reserved 1079296K
  class space    used 5243K, capacity 5367K, committed 5376K, reserved 1048576K
}
Event: 10.599 GC heap before
{Heap before GC invocations=11 (full 0):
 garbage-first heap   total 126976K, used 111518K [0x0000000085e00000, 0x0000000100000000)
  region size 1024K, 65 young (66560K), 7 survivors (7168K)
 Metaspace       used 49424K, capacity 50213K, committed 50508K, reserved 1093632K
  class space    used 6875K, capacity 7191K, committed 7296K, reserved 1048576K
}
Event: 10.613 GC heap after
{Heap after GC invocations=12 (full 0):
 garbage-first heap   total 152576K, used 29951K [0x0000000085e00000, 0x0000000100000000)
  region size 1024K, 9 young (9216K), 9 survivors (9216K)
 Metaspace       used 49424K, capacity 50213K, committed 50508K, reserved 1093632K
  class space    used 6875K, capacity 7191K, committed 7296K, reserved 1048576K
}
Event: 11.406 GC heap before
{Heap before GC invocations=12 (full 0):
 garbage-first heap   total 152576K, used 95487K [0x0000000085e00000, 0x0000000100000000)
  region size 1024K, 73 young (74752K), 9 survivors (9216K)
 Metaspace       used 53805K, capacity 54571K, committed 54860K, reserved 1095680K
  class space    used 7451K, capacity 7769K, committed 7808K, reserved 1048576K
}
Event: 11.418 GC heap after
{Heap after GC invocations=13 (full 0):
 garbage-first heap   total 152576K, used 32505K [0x0000000085e00000, 0x0000000100000000)
  region size 1024K, 7 young (7168K), 7 survivors (7168K)
 Metaspace       used 53805K, capacity 54571K, committed 54860K, reserved 1095680K
  class space    used 7451K, capacity 7769K, committed 7808K, reserved 1048576K
}
Event: 12.687 GC heap before
{Heap before GC invocations=13 (full 0):
 garbage-first heap   total 152576K, used 82681K [0x0000000085e00000, 0x0000000100000000)
  region size 1024K, 57 young (58368K), 7 survivors (7168K)
 Metaspace       used 59394K, capacity 60140K, committed 60236K, reserved 1101824K
  class space    used 7921K, capacity 8261K, committed 8320K, reserved 1048576K
}
Event: 12.702 GC heap after
{Heap after GC invocations=14 (full 0):
 garbage-first heap   total 152576K, used 34816K [0x0000000085e00000, 0x0000000100000000)
  region size 1024K, 5 young (5120K), 5 survivors (5120K)
 Metaspace       used 59394K, capacity 60140K, committed 60236K, reserved 1101824K
  class space    used 7921K, capacity 8261K, committed 8320K, reserved 1048576K
}
Event: 133.611 GC heap before
{Heap before GC invocations=15 (full 0):
 garbage-first heap   total 152576K, used 103424K [0x0000000085e00000, 0x0000000100000000)
  region size 1024K, 72 young (73728K), 5 survivors (5120K)
 Metaspace       used 70230K, capacity 72316K, committed 72396K, reserved 1112064K
  class space    used 9239K, capacity 9980K, committed 9984K, reserved 1048576K
}
Event: 133.627 GC heap after
{Heap after GC invocations=16 (full 0):
 garbage-first heap   total 152576K, used 37888K [0x0000000085e00000, 0x0000000100000000)
  region size 1024K, 8 young (8192K), 8 survivors (8192K)
 Metaspace       used 70230K, capacity 72316K, committed 72396K, reserved 1112064K
  class space    used 9239K, capacity 9980K, committed 9984K, reserved 1048576K
}

