# JRE version: OpenJDK Runtime Environment (11.0.5+10) (build 11.0.5+10)
# Java VM: OpenJDK 64-Bit Server VM (11.0.5+10, mixed mode, tiered, compressed oops, g1 gc, windows-amd64)
Heap:
 garbage-first heap   total 575488K, used 218624K [0x0000000085e00000, 0x0000000100000000)
  region size 1024K, 9 young (9216K), 7 survivors (7168K)
 Metaspace       used 77007K, capacity 79572K, committed 79820K, reserved 1118208K
  class space    used 10119K, capacity 10928K, committed 10956K, reserved 1048576K
GC Heap History (20 events):
Event: 19.674 GC heap before
{Heap before GC invocations=24 (full 0):
 garbage-first heap   total 161792K, used 122690K [0x0000000085e00000, 0x0000000100000000)
  region size 1024K, 40 young (40960K), 4 survivors (4096K)
 Metaspace       used 63586K, capacity 64463K, committed 64716K, reserved 1105920K
  class space    used 8463K, capacity 8813K, committed 8908K, reserved 1048576K
}
Event: 19.703 GC heap after
{Heap after GC invocations=25 (full 0):
 garbage-first heap   total 161792K, used 93205K [0x0000000085e00000, 0x0000000100000000)
  region size 1024K, 5 young (5120K), 5 survivors (5120K)
 Metaspace       used 63586K, capacity 64463K, committed 64716K, reserved 1105920K
  class space    used 8463K, capacity 8813K, committed 8908K, reserved 1048576K
}
Event: 19.763 GC heap before
{Heap before GC invocations=26 (full 0):
 garbage-first heap   total 161792K, used 130069K [0x0000000085e00000, 0x0000000100000000)
  region size 1024K, 36 young (36864K), 5 survivors (5120K)
 Metaspace       used 63586K, capacity 64463K, committed 64716K, reserved 1105920K
  class space    used 8463K, capacity 8813K, committed 8908K, reserved 1048576K
}
Event: 19.789 GC heap after
{Heap after GC invocations=27 (full 0):
 garbage-first heap   total 161792K, used 105173K [0x0000000085e00000, 0x0000000100000000)
  region size 1024K, 5 young (5120K), 5 survivors (5120K)
 Metaspace       used 63586K, capacity 64463K, committed 64716K, reserved 1105920K
  class space    used 8463K, capacity 8813K, committed 8908K, reserved 1048576K
}
Event: 19.819 GC heap before
{Heap before GC invocations=27 (full 0):
 garbage-first heap   total 161792K, used 107221K [0x0000000085e00000, 0x0000000100000000)
  region size 1024K, 7 young (7168K), 5 survivors (5120K)
 Metaspace       used 63586K, capacity 64463K, committed 64716K, reserved 1105920K
  class space    used 8463K, capacity 8813K, committed 8908K, reserved 1048576K
}
Event: 19.836 GC heap after
{Heap after GC invocations=28 (full 0):
 garbage-first heap   total 270336K, used 103961K [0x0000000085e00000, 0x0000000100000000)
  region size 1024K, 1 young (1024K), 1 survivors (1024K)
 Metaspace       used 63586K, capacity 64463K, committed 64716K, reserved 1105920K
  class space    used 8463K, capacity 8813K, committed 8908K, reserved 1048576K
}
Event: 19.952 GC heap before
{Heap before GC invocations=28 (full 0):
 garbage-first heap   total 270336K, used 175641K [0x0000000085e00000, 0x0000000100000000)
  region size 1024K, 64 young (65536K), 1 survivors (1024K)
 Metaspace       used 63586K, capacity 64463K, committed 64716K, reserved 1105920K
  class space    used 8463K, capacity 8813K, committed 8908K, reserved 1048576K
}
Event: 19.987 GC heap after
{Heap after GC invocations=29 (full 0):
 garbage-first heap   total 270336K, used 123161K [0x0000000085e00000, 0x0000000100000000)
  region size 1024K, 8 young (8192K), 8 survivors (8192K)
 Metaspace       used 63586K, capacity 64463K, committed 64716K, reserved 1105920K
  class space    used 8463K, capacity 8813K, committed 8908K, reserved 1048576K
}
Event: 19.991 GC heap before
{Heap before GC invocations=29 (full 0):
 garbage-first heap   total 270336K, used 123161K [0x0000000085e00000, 0x0000000100000000)
  region size 1024K, 9 young (9216K), 8 survivors (8192K)
 Metaspace       used 63586K, capacity 64463K, committed 64716K, reserved 1105920K
  class space    used 8463K, capacity 8813K, committed 8908K, reserved 1048576K
}
Event: 20.010 GC heap after
{Heap after GC invocations=30 (full 0):
 garbage-first heap   total 270336K, used 123911K [0x0000000085e00000, 0x0000000100000000)
  region size 1024K, 1 young (1024K), 1 survivors (1024K)
 Metaspace       used 63586K, capacity 64463K, committed 64716K, reserved 1105920K
  class space    used 8463K, capacity 8813K, committed 8908K, reserved 1048576K
}
Event: 20.181 GC heap before
{Heap before GC invocations=30 (full 0):
 garbage-first heap   total 270336K, used 182279K [0x0000000085e00000, 0x0000000100000000)
  region size 1024K, 47 young (48128K), 1 survivors (1024K)
 Metaspace       used 63586K, capacity 64463K, committed 64716K, reserved 1105920K
  class space    used 8463K, capacity 8813K, committed 8908K, reserved 1048576K
}
Event: 20.195 GC heap after
{Heap after GC invocations=31 (full 0):
 garbage-first heap   total 270336K, used 144750K [0x0000000085e00000, 0x0000000100000000)
  region size 1024K, 6 young (6144K), 6 survivors (6144K)
 Metaspace       used 63586K, capacity 64463K, committed 64716K, reserved 1105920K
  class space    used 8463K, capacity 8813K, committed 8908K, reserved 1048576K
}
Event: 20.399 GC heap before
{Heap before GC invocations=31 (full 0):
 garbage-first heap   total 270336K, used 188782K [0x0000000085e00000, 0x0000000100000000)
  region size 1024K, 49 young (50176K), 6 survivors (6144K)
 Metaspace       used 63586K, capacity 64463K, committed 64716K, reserved 1105920K
  class space    used 8463K, capacity 8813K, committed 8908K, reserved 1048576K
}
Event: 20.449 GC heap after
{Heap after GC invocations=32 (full 0):
 garbage-first heap   total 575488K, used 153370K [0x0000000085e00000, 0x0000000100000000)
  region size 1024K, 7 young (7168K), 7 survivors (7168K)
 Metaspace       used 63586K, capacity 64463K, committed 64716K, reserved 1105920K
  class space    used 8463K, capacity 8813K, committed 8908K, reserved 1048576K
}
Event: 20.696 GC heap before
{Heap before GC invocations=33 (full 0):
 garbage-first heap   total 575488K, used 246554K [0x0000000085e00000, 0x0000000100000000)
  region size 1024K, 98 young (100352K), 7 survivors (7168K)
 Metaspace       used 63586K, capacity 64463K, committed 64716K, reserved 1105920K
  class space    used 8463K, capacity 8813K, committed 8908K, reserved 1048576K
}
Event: 20.731 GC heap after
{Heap after GC invocations=34 (full 0):
 garbage-first heap   total 575488K, used 171655K [0x0000000085e00000, 0x0000000100000000)
  region size 1024K, 13 young (13312K), 13 survivors (13312K)
 Metaspace       used 63586K, capacity 64463K, committed 64716K, reserved 1105920K
  class space    used 8463K, capacity 8813K, committed 8908K, reserved 1048576K
}
Event: 21.108 GC heap before
{Heap before GC invocations=34 (full 0):
 garbage-first heap   total 575488K, used 356999K [0x0000000085e00000, 0x0000000100000000)
  region size 1024K, 151 young (154624K), 13 survivors (13312K)
 Metaspace       used 63614K, capacity 64463K, committed 64716K, reserved 1105920K
  class space    used 8464K, capacity 8813K, committed 8908K, reserved 1048576K
}
Event: 21.154 GC heap after
{Heap after GC invocations=35 (full 0):
 garbage-first heap   total 575488K, used 210431K [0x0000000085e00000, 0x0000000100000000)
  region size 1024K, 13 young (13312K), 13 survivors (13312K)
 Metaspace       used 63614K, capacity 64463K, committed 64716K, reserved 1105920K
  class space    used 8464K, capacity 8813K, committed 8908K, reserved 1048576K
}
Event: 24.742 GC heap before
{Heap before GC invocations=35 (full 0):
 garbage-first heap   total 575488K, used 356863K [0x0000000085e00000, 0x0000000100000000)
  region size 1024K, 157 young (160768K), 13 survivors (13312K)
 Metaspace       used 76956K, capacity 79508K, committed 79564K, reserved 1118208K
  class space    used 10114K, capacity 10928K, committed 10956K, reserved 1048576K
}
Event: 24.765 GC heap after
{Heap after GC invocations=36 (full 0):
 garbage-first heap   total 575488K, used 217600K [0x0000000085e00000, 0x0000000100000000)
  region size 1024K, 7 young (7168K), 7 survivors (7168K)
 Metaspace       used 76956K, capacity 79508K, committed 79564K, reserved 1118208K
  class space    used 10114K, capacity 10928K, committed 10956K, reserved 1048576K
}

