# JRE version: OpenJDK Runtime Environment (11.0.5+10) (build 11.0.5+10)
# Java VM: OpenJDK 64-Bit Server VM (11.0.5+10, mixed mode, tiered, compressed oops, g1 gc, windows-amd64)
Heap:
 garbage-first heap   total 183296K, used 60416K [0x0000000085e00000, 0x0000000100000000)
  region size 1024K, 7 young (7168K), 5 survivors (5120K)
 Metaspace       used 72721K, capacity 75229K, committed 75520K, reserved 1114112K
  class space    used 9613K, capacity 10408K, committed 10496K, reserved 1048576K
GC Heap History (20 events):
Event: 2.497 GC heap before
{Heap before GC invocations=3 (full 0):
 garbage-first heap   total 126976K, used 44727K [0x0000000085e00000, 0x0000000100000000)
  region size 1024K, 32 young (32768K), 3 survivors (3072K)
 Metaspace       used 12624K, capacity 12865K, committed 13056K, reserved 1060864K
  class space    used 1168K, capacity 1218K, committed 1280K, reserved 1048576K
}
Event: 2.501 GC heap after
{Heap after GC invocations=4 (full 0):
 garbage-first heap   total 126976K, used 15417K [0x0000000085e00000, 0x0000000100000000)
  region size 1024K, 1 young (1024K), 1 survivors (1024K)
 Metaspace       used 12624K, capacity 12865K, committed 13056K, reserved 1060864K
  class space    used 1168K, capacity 1218K, committed 1280K, reserved 1048576K
}
Event: 3.038 GC heap before
{Heap before GC invocations=4 (full 0):
 garbage-first heap   total 126976K, used 59449K [0x0000000085e00000, 0x0000000100000000)
  region size 1024K, 44 young (45056K), 1 survivors (1024K)
 Metaspace       used 15021K, capacity 15201K, committed 15360K, reserved 1062912K
  class space    used 1459K, capacity 1506K, committed 1536K, reserved 1048576K
}
Event: 3.043 GC heap after
{Heap after GC invocations=5 (full 0):
 garbage-first heap   total 126976K, used 16493K [0x0000000085e00000, 0x0000000100000000)
  region size 1024K, 2 young (2048K), 2 survivors (2048K)
 Metaspace       used 15021K, capacity 15201K, committed 15360K, reserved 1062912K
  class space    used 1459K, capacity 1506K, committed 1536K, reserved 1048576K
}
Event: 4.183 GC heap before
{Heap before GC invocations=5 (full 0):
 garbage-first heap   total 126976K, used 57453K [0x0000000085e00000, 0x0000000100000000)
  region size 1024K, 43 young (44032K), 2 survivors (2048K)
 Metaspace       used 20931K, capacity 21173K, committed 21248K, reserved 1069056K
  class space    used 2172K, capacity 2280K, committed 2304K, reserved 1048576K
}
Event: 4.190 GC heap after
{Heap after GC invocations=6 (full 0):
 garbage-first heap   total 126976K, used 18898K [0x0000000085e00000, 0x0000000100000000)
  region size 1024K, 4 young (4096K), 4 survivors (4096K)
 Metaspace       used 20931K, capacity 21173K, committed 21248K, reserved 1069056K
  class space    used 2172K, capacity 2280K, committed 2304K, reserved 1048576K
}
Event: 5.569 GC heap before
{Heap before GC invocations=7 (full 0):
 garbage-first heap   total 126976K, used 76242K [0x0000000085e00000, 0x0000000100000000)
  region size 1024K, 60 young (61440K), 4 survivors (4096K)
 Metaspace       used 25597K, capacity 25889K, committed 26112K, reserved 1071104K
  class space    used 3430K, capacity 3530K, committed 3584K, reserved 1048576K
}
Event: 5.577 GC heap after
{Heap after GC invocations=8 (full 0):
 garbage-first heap   total 126976K, used 21785K [0x0000000085e00000, 0x0000000100000000)
  region size 1024K, 7 young (7168K), 7 survivors (7168K)
 Metaspace       used 25597K, capacity 25889K, committed 26112K, reserved 1071104K
  class space    used 3430K, capacity 3530K, committed 3584K, reserved 1048576K
}
Event: 6.395 GC heap before
{Heap before GC invocations=8 (full 0):
 garbage-first heap   total 126976K, used 82201K [0x0000000085e00000, 0x0000000100000000)
  region size 1024K, 66 young (67584K), 7 survivors (7168K)
 Metaspace       used 32517K, capacity 32926K, committed 33152K, reserved 1077248K
  class space    used 4789K, capacity 4932K, committed 4992K, reserved 1048576K
}
Event: 6.411 GC heap after
{Heap after GC invocations=9 (full 0):
 garbage-first heap   total 126976K, used 25118K [0x0000000085e00000, 0x0000000100000000)
  region size 1024K, 7 young (7168K), 7 survivors (7168K)
 Metaspace       used 32517K, capacity 32926K, committed 33152K, reserved 1077248K
  class space    used 4789K, capacity 4932K, committed 4992K, reserved 1048576K
}
Event: 6.727 GC heap before
{Heap before GC invocations=9 (full 0):
 garbage-first heap   total 126976K, used 42526K [0x0000000085e00000, 0x0000000100000000)
  region size 1024K, 25 young (25600K), 7 survivors (7168K)
 Metaspace       used 35358K, capacity 35767K, committed 35840K, reserved 1079296K
  class space    used 5298K, capacity 5452K, committed 5504K, reserved 1048576K
}
Event: 6.736 GC heap after
{Heap after GC invocations=10 (full 0):
 garbage-first heap   total 152576K, used 26430K [0x0000000085e00000, 0x0000000100000000)
  region size 1024K, 5 young (5120K), 5 survivors (5120K)
 Metaspace       used 35358K, capacity 35767K, committed 35840K, reserved 1079296K
  class space    used 5298K, capacity 5452K, committed 5504K, reserved 1048576K
}
Event: 8.605 GC heap before
{Heap before GC invocations=11 (full 0):
 garbage-first heap   total 152576K, used 126782K [0x0000000085e00000, 0x0000000100000000)
  region size 1024K, 76 young (77824K), 5 survivors (5120K)
 Metaspace       used 51176K, capacity 51885K, committed 52096K, reserved 1093632K
  class space    used 7160K, capacity 7474K, committed 7552K, reserved 1048576K
}
Event: 8.617 GC heap after
{Heap after GC invocations=12 (full 0):
 garbage-first heap   total 152576K, used 30858K [0x0000000085e00000, 0x0000000100000000)
  region size 1024K, 9 young (9216K), 9 survivors (9216K)
 Metaspace       used 51176K, capacity 51885K, committed 52096K, reserved 1093632K
  class space    used 7160K, capacity 7474K, committed 7552K, reserved 1048576K
}
Event: 9.889 GC heap before
{Heap before GC invocations=13 (full 0):
 garbage-first heap   total 152576K, used 109706K [0x0000000085e00000, 0x0000000100000000)
  region size 1024K, 86 young (88064K), 9 survivors (9216K)
 Metaspace       used 57747K, capacity 58548K, committed 58624K, reserved 1099776K
  class space    used 7832K, capacity 8160K, committed 8192K, reserved 1048576K
}
Event: 9.904 GC heap after
{Heap after GC invocations=14 (full 0):
 garbage-first heap   total 152576K, used 34232K [0x0000000085e00000, 0x0000000100000000)
  region size 1024K, 9 young (9216K), 9 survivors (9216K)
 Metaspace       used 57747K, capacity 58548K, committed 58624K, reserved 1099776K
  class space    used 7832K, capacity 8160K, committed 8192K, reserved 1048576K
}
Event: 12.112 GC heap before
{Heap before GC invocations=14 (full 0):
 garbage-first heap   total 152576K, used 112056K [0x0000000085e00000, 0x0000000100000000)
  region size 1024K, 86 young (88064K), 9 survivors (9216K)
 Metaspace       used 66551K, capacity 67737K, committed 67840K, reserved 1107968K
  class space    used 8888K, capacity 9450K, committed 9472K, reserved 1048576K
}
Event: 12.144 GC heap after
{Heap after GC invocations=15 (full 0):
 garbage-first heap   total 152576K, used 54712K [0x0000000085e00000, 0x0000000100000000)
  region size 1024K, 11 young (11264K), 11 survivors (11264K)
 Metaspace       used 66551K, capacity 67737K, committed 67840K, reserved 1107968K
  class space    used 8888K, capacity 9450K, committed 9472K, reserved 1048576K
}
Event: 14.060 GC heap before
{Heap before GC invocations=15 (full 0):
 garbage-first heap   total 152576K, used 107960K [0x0000000085e00000, 0x0000000100000000)
  region size 1024K, 63 young (64512K), 11 survivors (11264K)
 Metaspace       used 72662K, capacity 75133K, committed 75264K, reserved 1114112K
  class space    used 9605K, capacity 10376K, committed 10496K, reserved 1048576K
}
Event: 14.083 GC heap after
{Heap after GC invocations=16 (full 0):
 garbage-first heap   total 183296K, used 59392K [0x0000000085e00000, 0x0000000100000000)
  region size 1024K, 5 young (5120K), 5 survivors (5120K)
 Metaspace       used 72662K, capacity 75133K, committed 75264K, reserved 1114112K
  class space    used 9605K, capacity 10376K, committed 10496K, reserved 1048576K
}

